[    0.000000] Initializing cgroup subsys cpuset
[    0.000000] Initializing cgroup subsys cpu
[    0.000000] Initializing cgroup subsys cpuacct
[    0.000000] Linux version 4.4.0-141-generic (buildd@lcy01-amd64-027) (gcc version 5.4.0 20160609 (Ubuntu 5.4.0-6ubuntu1~16.04.10) ) #167-Ubuntu SMP Wed Dec 5 10:38:08 UTC 2018 (Ubuntu 4.4.0-141.167-generic 4.4.162)
[    0.000000] KERNEL supported cpus:
[    0.000000]   Intel GenuineIntel
[    0.000000]   AMD AuthenticAMD
[    0.000000]   NSC Geode by NSC
[    0.000000]   Cyrix CyrixInstead
[    0.000000]   Centaur CentaurHauls
[    0.000000]   Transmeta GenuineTMx86
[    0.000000]   Transmeta TransmetaCPU
[    0.000000]   UMC UMC UMC UMC
[    0.000000] x86/fpu: xstate_offset[2]:  576, xstate_sizes[2]:  256
[    0.000000] x86/fpu: Supporting XSAVE feature 0x01: 'x87 floating point registers'
[    0.000000] x86/fpu: Supporting XSAVE feature 0x02: 'SSE registers'
[    0.000000] x86/fpu: Supporting XSAVE feature 0x04: 'AVX registers'
[    0.000000] x86/fpu: Enabled xstate features 0x7, context size is 832 bytes, using 'standard' format.
[    0.000000] e820: BIOS-provided physical RAM map:
[    0.000000] BIOS-e820: [mem 0x0000000000000000-0x000000000009fbff] usable
[    0.000000] BIOS-e820: [mem 0x000000000009fc00-0x000000000009ffff] reserved
[    0.000000] BIOS-e820: [mem 0x00000000000f0000-0x00000000000fffff] reserved
[    0.000000] BIOS-e820: [mem 0x0000000000100000-0x000000001ffeffff] usable
[    0.000000] BIOS-e820: [mem 0x000000001fff0000-0x000000001fffffff] ACPI data
[    0.000000] BIOS-e820: [mem 0x00000000fec00000-0x00000000fec00fff] reserved
[    0.000000] BIOS-e820: [mem 0x00000000fee00000-0x00000000fee00fff] reserved
[    0.000000] BIOS-e820: [mem 0x00000000fffc0000-0x00000000ffffffff] reserved
[    0.000000] NX (Execute Disable) protection: active
[    0.000000] SMBIOS 2.5 present.
[    0.000000] Hypervisor detected: KVM
[    0.000000] e820: last_pfn = 0x1fff0 max_arch_pfn = 0x1000000
[    0.000000] MTRR: Disabled
[    0.000000] x86/PAT: MTRRs disabled, skipping PAT initialization too.
[    0.000000] CPU MTRRs all blank - virtualized system.
[    0.000000] x86/PAT: Configuration [0-7]: WB  WT  UC- UC  WB  WT  UC- UC  
[    0.000000] found SMP MP-table at [mem 0x0009fff0-0x0009ffff] mapped at [c009fff0]
[    0.000000] Scanning 1 areas for low memory corruption
[    0.000000] RAMDISK: [mem 0x1e992000-0x1f7a1fff]
[    0.000000] ACPI: Early table checksum verification disabled
[    0.000000] ACPI: RSDP 0x00000000000E0000 000024 (v02 VBOX  )
[    0.000000] ACPI: XSDT 0x000000001FFF0030 00003C (v01 VBOX   VBOXXSDT 00000001 ASL  00000061)
[    0.000000] ACPI: FACP 0x000000001FFF00F0 0000F4 (v04 VBOX   VBOXFACP 00000001 ASL  00000061)
[    0.000000] ACPI: DSDT 0x000000001FFF0470 0021FF (v02 VBOX   VBOXBIOS 00000002 INTL 20100528)
[    0.000000] ACPI: FACS 0x000000001FFF0200 000040
[    0.000000] ACPI: FACS 0x000000001FFF0200 000040
[    0.000000] ACPI: APIC 0x000000001FFF0240 000054 (v02 VBOX   VBOXAPIC 00000001 ASL  00000061)
[    0.000000] ACPI: SSDT 0x000000001FFF02A0 0001CC (v01 VBOX   VBOXCPUT 00000002 INTL 20100528)
[    0.000000] 0MB HIGHMEM available.
[    0.000000] 511MB LOWMEM available.
[    0.000000]   mapped low ram: 0 - 1fff0000
[    0.000000]   low ram: 0 - 1fff0000
[    0.000000] kvm-clock: Using msrs 4b564d01 and 4b564d00
[    0.000000] kvm-clock: cpu 0, msr 0:1ffef001, primary cpu clock
[    0.000000] kvm-clock: using sched offset of 4033718265 cycles
[    0.000000] clocksource: kvm-clock: mask: 0xffffffffffffffff max_cycles: 0x1cd42e4dffb, max_idle_ns: 881590591483 ns
[    0.000000] Zone ranges:
[    0.000000]   DMA      [mem 0x0000000000001000-0x0000000000ffffff]
[    0.000000]   Normal   [mem 0x0000000001000000-0x000000001ffeffff]
[    0.000000]   HighMem  empty
[    0.000000] Movable zone start for each node
[    0.000000] Early memory node ranges
[    0.000000]   node   0: [mem 0x0000000000001000-0x000000000009efff]
[    0.000000]   node   0: [mem 0x0000000000100000-0x000000001ffeffff]
[    0.000000] Initmem setup node 0 [mem 0x0000000000001000-0x000000001ffeffff]
[    0.000000] Using APIC driver default
[    0.000000] ACPI: PM-Timer IO Port: 0x4008
[    0.000000] IOAPIC[0]: apic_id 1, version 32, address 0xfec00000, GSI 0-23
[    0.000000] ACPI: INT_SRC_OVR (bus 0 bus_irq 0 global_irq 2 dfl dfl)
[    0.000000] ACPI: INT_SRC_OVR (bus 0 bus_irq 9 global_irq 9 low level)
[    0.000000] Using ACPI (MADT) for SMP configuration information
[    0.000000] smpboot: Allowing 1 CPUs, 0 hotplug CPUs
[    0.000000] PM: Registered nosave memory: [mem 0x00000000-0x00000fff]
[    0.000000] PM: Registered nosave memory: [mem 0x0009f000-0x0009ffff]
[    0.000000] PM: Registered nosave memory: [mem 0x000a0000-0x000effff]
[    0.000000] PM: Registered nosave memory: [mem 0x000f0000-0x000fffff]
[    0.000000] e820: [mem 0x20000000-0xfebfffff] available for PCI devices
[    0.000000] Booting paravirtualized kernel on KVM
[    0.000000] clocksource: refined-jiffies: mask: 0xffffffff max_cycles: 0xffffffff, max_idle_ns: 7645519600211568 ns
[    0.000000] setup_percpu: NR_CPUS:8 nr_cpumask_bits:8 nr_cpu_ids:1 nr_node_ids:1
[    0.000000] PERCPU: Embedded 19 pages/cpu @dfac1000 s47436 r0 d30388 u77824
[    0.000000] PV qspinlock hash table entries: 512 (order: 0, 4096 bytes)
[    0.000000] Built 1 zonelists in Zone order, mobility grouping on.  Total pages: 129678
[    0.000000] Kernel command line: BOOT_IMAGE=/boot/vmlinuz-4.4.0-141-generic root=LABEL=cloudimg-rootfs ro console=tty1 console=ttyS0
[    0.000000] PID hash table entries: 2048 (order: 1, 8192 bytes)
[    0.000000] Dentry cache hash table entries: 65536 (order: 6, 262144 bytes)
[    0.000000] Inode-cache hash table entries: 32768 (order: 5, 131072 bytes)
[    0.000000] Initializing CPU#0
[    0.000000] Initializing HighMem for node 0 (00000000:00000000)
[    0.000000] Memory: 489756K/523832K available (8052K kernel code, 778K rwdata, 3180K rodata, 952K init, 800K bss, 34076K reserved, 0K cma-reserved, 0K highmem)
[    0.000000] virtual kernel memory layout:
[    0.000000]     fixmap  : 0xfff15000 - 0xfffff000   ( 936 kB)
[    0.000000]     pkmap   : 0xffc00000 - 0xffe00000   (2048 kB)
[    0.000000]     vmalloc : 0xe07f0000 - 0xffbfe000   ( 500 MB)
[    0.000000]     lowmem  : 0xc0000000 - 0xdfff0000   ( 511 MB)
[    0.000000]       .init : 0xc1bbe000 - 0xc1cac000   ( 952 kB)
[    0.000000]       .data : 0xc17dd3c4 - 0xc1bbc9c0   (3965 kB)
[    0.000000]       .text : 0xc1000000 - 0xc17dd3c4   (8052 kB)
[    0.000000] Checking if this processor honours the WP bit even in supervisor mode...Ok.
[    0.000000] SLUB: HWalign=64, Order=0-3, MinObjects=0, CPUs=1, Nodes=1
[    0.000000] Hierarchical RCU implementation.
[    0.000000] 	Build-time adjustment of leaf fanout to 32.
[    0.000000] 	RCU restricting CPUs from NR_CPUS=8 to nr_cpu_ids=1.
[    0.000000] RCU: Adjusting geometry for rcu_fanout_leaf=32, nr_cpu_ids=1
[    0.000000] NR_IRQS:2304 nr_irqs:256 16
[    0.000000] Console: colour VGA+ 80x25
[    0.000000] console [tty1] enabled
[    0.000000] console [ttyS0] enabled
[    0.000000] allocated 524288 bytes of page_ext
[    0.000000] tsc: Detected 2394.574 MHz processor
[    0.240934] Calibrating delay loop (skipped) preset value.. 4789.14 BogoMIPS (lpj=9578296)
[    0.243045] pid_max: default: 32768 minimum: 301
[    0.244171] ACPI: Core revision 20150930
[    0.246364] ACPI: 2 ACPI AML tables successfully acquired and loaded
[    0.247970] Security Framework initialized
[    0.248923] Yama: becoming mindful.
[    0.249805] AppArmor: AppArmor initialized
[    0.250797] Mount-cache hash table entries: 1024 (order: 0, 4096 bytes)
[    0.252281] Mountpoint-cache hash table entries: 1024 (order: 0, 4096 bytes)
[    0.253898] Initializing cgroup subsys io
[    0.254866] Initializing cgroup subsys memory
[    0.256015] Initializing cgroup subsys devices
[    0.259854] Initializing cgroup subsys freezer
[    0.260879] Initializing cgroup subsys net_cls
[    0.261919] Initializing cgroup subsys perf_event
[    0.262983] Initializing cgroup subsys net_prio
[    0.264136] Initializing cgroup subsys hugetlb
[    0.265398] Initializing cgroup subsys pids
[    0.266470] mce: CPU supports 0 MCE banks
[    0.267464] process: using mwait in idle threads
[    0.268537] Last level iTLB entries: 4KB 512, 2MB 8, 4MB 8
[    0.272849] Last level dTLB entries: 4KB 512, 2MB 32, 4MB 32, 1GB 0
[    0.274193] Spectre V2 : Mitigation: Full generic retpoline
[    0.275408] Spectre V2 : Spectre v2 mitigation: Speculation control IBPB not-supported IBRS not-supported
[    0.280491] Spectre V2 : Spectre v2 / SpectreRSB mitigation: Filling RSB on context switch
[    0.282695] Speculative Store Bypass: Vulnerable
[    0.312324] Freeing SMP alternatives memory: 32K
[    0.322403] ftrace: allocating 31566 entries in 62 pages
[    0.388144] smpboot: APIC(0) Converting physical 0 to logical package 0
[    0.389636] smpboot: Max logical packages: 1
[    0.390631] Enabling APIC mode:  Flat.  Using 1 I/O APICs
[    0.395329] ..TIMER: vector=0x30 apic1=0 pin1=2 apic2=-1 pin2=-1
[    0.504248] smpboot: CPU0: Intel(R) Core(TM) i5-2430M CPU @ 2.40GHz (family: 0x6, model: 0x2a, stepping: 0x7)
[    0.507043] Performance Events: unsupported p6 CPU model 42 no PMU driver, software events only.
[    0.509250] KVM setup paravirtual spinlock
[    0.510962] x86: Booted up 1 node, 1 CPUs
[    0.511957] smpboot: Total of 1 processors activated (4789.14 BogoMIPS)
[    0.513693] devtmpfs: initialized
[    0.514778] evm: security.selinux
[    0.515625] evm: security.SMACK64
[    0.516531] evm: security.SMACK64EXEC
[    0.517459] evm: security.SMACK64TRANSMUTE
[    0.518423] evm: security.SMACK64MMAP
[    0.519333] evm: security.ima
[    0.520116] evm: security.capability
[    0.521192] clocksource: jiffies: mask: 0xffffffff max_cycles: 0xffffffff, max_idle_ns: 7645041785100000 ns
[    0.523297] futex hash table entries: 256 (order: 2, 16384 bytes)
[    0.524692] pinctrl core: initialized pinctrl subsystem
[    0.526059] RTC time: 22:41:49, date: 01/03/19
[    0.528495] NET: Registered protocol family 16
[    0.529778] EISA bus registered
[    0.530604] cpuidle: using governor ladder
[    0.531561] cpuidle: using governor menu
[    0.532504] PCCT header not found.
[    0.533468] ACPI: bus type PCI registered
[    0.534436] acpiphp: ACPI Hot Plug PCI Controller Driver version: 0.5
[    0.536147] PCI : PCI BIOS area is rw and x. Use pci=nobios if you want it NX.
[    0.537848] PCI: PCI BIOS revision 2.10 entry at 0xfda26, last bus=0
[    0.539191] PCI: Using configuration type 1 for base access
[    0.543777] ACPI: Added _OSI(Module Device)
[    0.544979] ACPI: Added _OSI(Processor Device)
[    0.546065] ACPI: Added _OSI(3.0 _SCP Extensions)
[    0.547126] ACPI: Added _OSI(Processor Aggregator Device)
[    0.549472] ACPI: Executed 1 blocks of module-level executable AML code
[    0.555164] ACPI: Interpreter enabled
[    0.556363] ACPI: (supports S0 S5)
[    0.557611] ACPI: Using IOAPIC for interrupt routing
[    0.565963] PCI: Using host bridge windows from ACPI; if necessary, use "pci=nocrs" and report a bug
[    0.572298] ACPI: PCI Root Bridge [PCI0] (domain 0000 [bus 00-ff])
[    0.583531] acpi PNP0A03:00: _OSC: OS supports [ASPM ClockPM Segments MSI]
[    0.584996] acpi PNP0A03:00: _OSC: not requesting OS control; OS requires [ExtendedConfig ASPM ClockPM MSI]
[    0.587179] acpi PNP0A03:00: fail to add MMCONFIG information, can't access extended PCI configuration space under this bridge.
[    0.589945] PCI host bridge to bus 0000:00
[    0.590918] pci_bus 0000:00: root bus resource [io  0x0000-0x0cf7 window]
[    0.592312] pci_bus 0000:00: root bus resource [io  0x0d00-0xffff window]
[    0.595733] pci_bus 0000:00: root bus resource [mem 0x000a0000-0x000bffff window]
[    0.597466] pci_bus 0000:00: root bus resource [mem 0x20000000-0xfdffffff window]
[    0.599192] pci_bus 0000:00: root bus resource [bus 00-ff]
[    0.602589] pci 0000:00:01.1: legacy IDE quirk: reg 0x10: [io  0x01f0-0x01f7]
[    0.604056] pci 0000:00:01.1: legacy IDE quirk: reg 0x14: [io  0x03f6]
[    0.605514] pci 0000:00:01.1: legacy IDE quirk: reg 0x18: [io  0x0170-0x0177]
[    0.607005] pci 0000:00:01.1: legacy IDE quirk: reg 0x1c: [io  0x0376]
[    0.627564] pci 0000:00:07.0: quirk: [io  0x4000-0x403f] claimed by PIIX4 ACPI
[    0.629347] pci 0000:00:07.0: quirk: [io  0x4100-0x410f] claimed by PIIX4 SMB
[    0.638570] ACPI: PCI Interrupt Link [LNKA] (IRQs 5 9 10 *11)
[    0.640614] ACPI: PCI Interrupt Link [LNKB] (IRQs 5 9 *10 11)
[    0.642428] ACPI: PCI Interrupt Link [LNKC] (IRQs 5 *9 10 11)
[    0.659541] ACPI: PCI Interrupt Link [LNKD] (IRQs 5 9 10 *11)
[    0.661571] ACPI: Enabled 2 GPEs in block 00 to 07
[    0.672900] vgaarb: setting as boot device: PCI:0000:00:02.0
[    0.687568] vgaarb: device added: PCI:0000:00:02.0,decodes=io+mem,owns=io+mem,locks=none
[    0.694463] vgaarb: loaded
[    0.695197] vgaarb: bridge control possible 0000:00:02.0
[    0.696686] SCSI subsystem initialized
[    0.697708] ACPI: bus type USB registered
[    0.698684] usbcore: registered new interface driver usbfs
[    0.700058] usbcore: registered new interface driver hub
[    0.701390] usbcore: registered new device driver usb
[    0.703174] PCI: Using ACPI for IRQ routing
[    0.704945] NetLabel: Initializing
[    0.705854] NetLabel:  domain hash size = 128
[    0.706915] NetLabel:  protocols = UNLABELED CIPSOv4
[    0.708034] NetLabel:  unlabeled traffic allowed by default
[    0.709454] amd_nb: Cannot enumerate AMD northbridges
[    0.710659] clocksource: Switched to clocksource kvm-clock
[    0.720191] AppArmor: AppArmor Filesystem Enabled
[    0.765857] pnp: PnP ACPI init
[    0.778334] pnp: PnP ACPI: found 3 devices
[    0.779463] PnPBIOS: Disabled by ACPI PNP
[    0.816700] clocksource: acpi_pm: mask: 0xffffff max_cycles: 0xffffff, max_idle_ns: 2085701024 ns
[    0.818725] NET: Registered protocol family 2
[    0.819941] TCP established hash table entries: 4096 (order: 2, 16384 bytes)
[    0.821399] TCP bind hash table entries: 4096 (order: 3, 32768 bytes)
[    0.822863] TCP: Hash tables configured (established 4096 bind 4096)
[    0.824700] UDP hash table entries: 256 (order: 1, 8192 bytes)
[    0.829545] UDP-Lite hash table entries: 256 (order: 1, 8192 bytes)
[    0.831219] NET: Registered protocol family 1
[    0.832234] pci 0000:00:00.0: Limiting direct PCI/PCI transfers
[    0.833520] pci 0000:00:01.0: Activating ISA DMA hang workarounds
[    0.835019] Unpacking initramfs...
[    1.096042] Freeing initrd memory: 14400K
[    1.104607] RAPL PMU detected, API unit is 2^-32 Joules, 3 fixed counters 10737418240 ms ovfl timer
[    1.107081] hw unit of domain pp0-core 2^-0 Joules
[    1.108250] hw unit of domain package 2^-0 Joules
[    1.109739] hw unit of domain pp1-gpu 2^-0 Joules
[    1.111099] platform rtc_cmos: registered platform RTC device (no PNP device found)
[    1.112913] Scanning for low memory corruption every 60 seconds
[    1.114561] audit: initializing netlink subsys (disabled)
[    1.115937] audit: type=2000 audit(1546555315.359:1): initialized
[    1.118097] Initialise system trusted keyring
[    1.119528] HugeTLB registered 2 MB page size, pre-allocated 0 pages
[    1.122325] zbud: loaded
[    1.123190] VFS: Disk quotas dquot_6.6.0
[    1.124151] VFS: Dquot-cache hash table entries: 1024 (order 0, 4096 bytes)
[    1.125810] squashfs: version 4.0 (2009/01/31) Phillip Lougher
[    1.127320] fuse init (API version 7.23)
[    1.128407] Key type big_key registered
[    1.129357] Allocating IMA MOK and blacklist keyrings.
[    1.130802] Key type asymmetric registered
[    1.131762] Asymmetric key parser 'x509' registered
[    1.132854] bounce: pool size: 64 pages
[    1.133826] Block layer SCSI generic (bsg) driver version 0.4 loaded (major 249)
[    1.135604] io scheduler noop registered
[    1.136618] io scheduler deadline registered (default)
[    1.140890] io scheduler cfq registered
[    1.141945] pci_hotplug: PCI Hot Plug PCI Core version: 0.5
[    1.143221] pciehp: PCI Express Hot Plug Controller Driver version: 0.4
[    1.145092] ACPI: AC Adapter [AC] (on-line)
[    1.146310] input: Power Button as /devices/LNXSYSTM:00/LNXPWRBN:00/input/input0
[    1.151478] ACPI: Power Button [PWRF]
[    1.152456] input: Sleep Button as /devices/LNXSYSTM:00/LNXSLPBN:00/input/input1
[    1.154175] ACPI: Sleep Button [SLPF]
[    1.156017] ACPI: Battery Slot [BAT0] (battery present)
[    1.157248] GHES: HEST is not enabled!
[    1.158268] isapnp: Scanning for PnP cards...
[    1.164853] Serial: 8250/16550 driver, 32 ports, IRQ sharing enabled
[    1.189085] 00:02: ttyS0 at I/O 0x3f8 (irq = 4, base_baud = 115200) is a 16550A
[    1.236022] Linux agpgart interface v0.103
[    1.238348] loop: module loaded
[    1.239802] scsi host0: ata_piix
[    1.242735] scsi host1: ata_piix
[    1.243628] ata1: PATA max UDMA/33 cmd 0x1f0 ctl 0x3f6 bmdma 0xd000 irq 14
[    1.245058] ata2: PATA max UDMA/33 cmd 0x170 ctl 0x376 bmdma 0xd008 irq 15
[    1.291420] libphy: Fixed MDIO Bus: probed
[    1.305770] tun: Universal TUN/TAP device driver, 1.6
[    1.306875] tun: (C) 1999-2004 Max Krasnyansky <maxk@qualcomm.com>
[    1.308268] PPP generic driver version 2.4.2
[    1.309329] ehci_hcd: USB 2.0 'Enhanced' Host Controller (EHCI) Driver
[    1.310702] ehci-pci: EHCI PCI platform driver
[    1.311872] ehci-platform: EHCI generic platform driver
[    1.313019] ohci_hcd: USB 1.1 'Open' Host Controller (OHCI) Driver
[    1.314320] ohci-pci: OHCI PCI platform driver
[    1.315365] ohci-platform: OHCI generic platform driver
[    1.316528] uhci_hcd: USB Universal Host Controller Interface driver
[    1.317940] i8042: PNP: PS/2 Controller [PNP0303:PS2K,PNP0f03:PS2M] at 0x60,0x64 irq 1,12
[    1.320535] serio: i8042 KBD port at 0x60,0x64 irq 1
[    1.321653] serio: i8042 AUX port at 0x60,0x64 irq 12
[    1.322939] mousedev: PS/2 mouse device common for all mice
[    1.324599] input: AT Translated Set 2 keyboard as /devices/platform/i8042/serio0/input/input2
[    1.327935] rtc_cmos rtc_cmos: rtc core: registered rtc_cmos as rtc0
[    1.329352] rtc_cmos rtc_cmos: alarms up to one day, 114 bytes nvram
[    1.330702] i2c /dev entries driver
[    1.331797] device-mapper: uevent: version 1.0.3
[    1.332912] device-mapper: ioctl: 4.34.0-ioctl (2015-10-28) initialised: dm-devel@redhat.com
[    1.334864] platform eisa.0: Probing EISA bus 0
[    1.335904] platform eisa.0: EISA: Cannot allocate resource for mainboard
[    1.337298] platform eisa.0: Cannot allocate resource for EISA slot 1
[    1.382416] platform eisa.0: Cannot allocate resource for EISA slot 2
[    1.383869] platform eisa.0: Cannot allocate resource for EISA slot 3
[    1.385236] platform eisa.0: Cannot allocate resource for EISA slot 4
[    1.386570] platform eisa.0: Cannot allocate resource for EISA slot 5
[    1.387942] platform eisa.0: Cannot allocate resource for EISA slot 6
[    1.389296] platform eisa.0: Cannot allocate resource for EISA slot 7
[    1.390632] platform eisa.0: Cannot allocate resource for EISA slot 8
[    1.392001] platform eisa.0: EISA: Detected 0 cards
[    1.393115] cpufreq-nforce2: No nForce2 chipset.
[    1.394161] ledtrig-cpu: registered to indicate activity on CPUs
[    1.395766] NET: Registered protocol family 10
[    1.396999] NET: Registered protocol family 17
[    1.398064] Key type dns_resolver registered
[    1.399255] Using IPI No-Shortcut mode
[    1.400299] registered taskstats version 1
[    1.401272] Loading compiled-in X.509 certificates
[    1.405278] Loaded X.509 cert 'Build time autogenerated kernel key: 8ee7231a1e42e4b4a17d0e4b95c66ffe15d3b32e'
[    1.407445] zswap: loaded using pool lzo/zbud
[    1.410053] Key type trusted registered
[    1.457357] Key type encrypted registered
[    1.460201] AppArmor: AppArmor sha1 policy hashing enabled
[    1.464369] ima: No TPM chip found, activating TPM-bypass!
[    1.466036] ima: Allocated hash algorithm: sha1
[    1.467263] evm: HMAC attrs: 0x1
[    1.468407]   Magic number: 3:660:703
[    1.469668] rtc_cmos rtc_cmos: setting system clock to 2019-01-03 22:41:50 UTC (1546555310)
[    1.472193] BIOS EDD facility v0.16 2004-Jun-25, 0 devices found
[    1.473482] EDD information not available.
[    1.652912] isapnp: No Plug & Play device found
[    1.654284] Freeing unused kernel memory: 952K
[    1.655439] Write protecting the kernel text: 8056k
[    1.656562] Write protecting the kernel read-only data: 3184k
[    1.667300] NX-protecting the kernel data: 6280k
Loading, please wait...
starting version 229
[    1.681332] random: udevadm: uninitialized urandom read (16 bytes read, 1 bits of entropy available)
[    1.683992] random: systemd-udevd: uninitialized urandom read (16 bytes read, 1 bits of entropy available)
[    1.691469] random: systemd-udevd: uninitialized urandom read (16 bytes read, 1 bits of entropy available)
[    1.710719] random: systemd-udevd: uninitialized urandom read (16 bytes read, 1 bits of entropy available)
[    1.715154] random: udevadm: uninitialized urandom read (16 bytes read, 1 bits of entropy available)
[    1.717288] random: udevadm: uninitialized urandom read (16 bytes read, 1 bits of entropy available)
[    1.746600] random: udevadm: uninitialized urandom read (16 bytes read, 1 bits of entropy available)
[    1.752628] random: udevadm: uninitialized urandom read (16 bytes read, 1 bits of entropy available)
[    1.758033] random: udevadm: uninitialized urandom read (16 bytes read, 1 bits of entropy available)
[    1.778684] random: udevadm: uninitialized urandom read (16 bytes read, 1 bits of entropy available)
[    1.846442] Fusion MPT base driver 3.04.20
[    1.847588] Copyright (c) 1999-2008 LSI Corporation
[    1.864271] e1000: Intel(R) PRO/1000 Network Driver - version 7.3.21-k8-NAPI
[    1.866012] e1000: Copyright (c) 1999-2006 Intel Corporation.
[    1.922011] Fusion MPT SPI Host driver 3.04.20
[    2.091888] input: ImExPS/2 Generic Explorer Mouse as /devices/platform/i8042/serio1/input/input4
[    2.109561] tsc: Refined TSC clocksource calibration: 2393.813 MHz
[    2.111440] clocksource: tsc: mask: 0xffffffffffffffff max_cycles: 0x228162d26ca, max_idle_ns: 440795219952 ns
[    2.291683] e1000 0000:00:03.0 eth0: (PCI:33MHz:32-bit) 02:64:11:94:8e:9f
[    2.293447] e1000 0000:00:03.0 eth0: Intel(R) PRO/1000 Network Connection
[    2.295941] mptbase: ioc0: Initiating bringup
[    2.367583] ioc0: LSI53C1030 A0: Capabilities={Initiator}
[    2.539059] scsi host2: ioc0: LSI53C1030 A0, FwRev=00000000h, Ports=1, MaxQ=256, IRQ=20
[    2.661944] scsi 2:0:0:0: Direct-Access     VBOX     HARDDISK         1.0  PQ: 0 ANSI: 5
[    2.675732] scsi target2:0:0: Beginning Domain Validation
[    2.678307] scsi target2:0:0: Domain Validation skipping write tests
[    2.680225] scsi target2:0:0: Ending Domain Validation
[    2.682215] scsi target2:0:0: asynchronous
[    2.684111] scsi 2:0:1:0: Direct-Access     VBOX     HARDDISK         1.0  PQ: 0 ANSI: 5
[    2.686746] scsi target2:0:1: Beginning Domain Validation
[    2.749130] scsi target2:0:1: Domain Validation skipping write tests
[    2.756733] scsi target2:0:1: Ending Domain Validation
[    2.776841] scsi target2:0:1: asynchronous
[    2.904511] sd 2:0:0:0: Attached scsi generic sg0 type 0
[    2.905820] sd 2:0:0:0: [sda] 20971520 512-byte logical blocks: (10.7 GB/10.0 GiB)
[    2.907885] sd 2:0:1:0: [sdb] 20480 512-byte logical blocks: (10.5 MB/10.0 MiB)
[    2.909749] sd 2:0:1:0: Attached scsi generic sg1 type 0
[    2.916223] sd 2:0:1:0: [sdb] Write Protect is off
[    2.917403] sd 2:0:0:0: [sda] Write Protect is off
[    2.918513] sd 2:0:1:0: [sdb] Incomplete mode parameter data
[    2.919807] sd 2:0:1:0: [sdb] Assuming drive cache: write through
[    2.929302] sd 2:0:0:0: [sda] Incomplete mode parameter data
[    2.942574] sd 2:0:0:0: [sda] Assuming drive cache: write through
[    3.021830]  sda: sda1
[    3.038248] sd 2:0:1:0: [sdb] Attached SCSI disk
[    3.071942] sd 2:0:0:0: [sda] Attached SCSI disk
[    3.111913] e1000 0000:00:08.0 eth1: (PCI:33MHz:32-bit) 08:00:27:e6:3f:7d
[    3.113432] e1000 0000:00:08.0 eth1: Intel(R) PRO/1000 Network Connection
[    3.115955] e1000 0000:00:08.0 enp0s8: renamed from eth1
[    3.119029] e1000 0000:00:03.0 enp0s3: renamed from eth0
Begin: Loading essential drivers[    4.549209] md: linear personality registered for level -1
 ... [    4.559497] md: multipath personality registered for level -4
[    4.565832] md: raid0 personality registered for level 0
[    4.574773] md: raid1 personality registered for level 1
[    4.655131] raid6: mmxx1    gen()  4679 MB/s
[    4.723124] raid6: mmxx2    gen()  4931 MB/s
[    4.791132] raid6: sse1x1   gen()  3896 MB/s
[    4.859137] raid6: sse1x2   gen()  4766 MB/s
[    4.927155] raid6: sse2x1   gen()  7794 MB/s
[    4.994788] raid6: sse2x1   xor()  5749 MB/s
[    5.063160] raid6: sse2x2   gen()  8319 MB/s
[    5.130688] raid6: sse2x2   xor()  6539 MB/s
[    5.132044] raid6: using algorithm sse2x2 gen() 8319 MB/s
[    5.133701] raid6: .... xor() 6539 MB/s, rmw enabled
[    5.134848] raid6: using ssse3x1 recovery algorithm
[    5.140476] xor: automatically using best checksumming function:
[    5.178669]    avx       : 18217.000 MB/sec
[    5.183665] async_tx: api initialized (async)
[    5.208504] md: raid6 personality registered for level 6
[    5.209787] md: raid5 personality registered for level 5
[    5.210933] md: raid4 personality registered for level 4
[    5.220832] md: raid10 personality registered for level 10
done.
Begin: Running /scripts/init-premount ... done.
Begin: Mounting root file system ... Begin: Running /scripts/local-top ... done.
Begin: Running /scripts/local-premount ... [    5.287996] Btrfs loaded
Scanning for Btrfs filesystems
done.
Warning: fsck not present, so skipping root file system
[    5.522401] EXT4-fs (sda1): mounted filesystem with ordered data mode. Opts: (null)
done.
Begin: Running /scripts/local-bottom ... done.
Begin: Running /scripts/init-bottom ... done.
[    6.253965] systemd[1]: systemd 229 running in system mode. (+PAM +AUDIT +SELINUX +IMA +APPARMOR +SMACK +SYSVINIT +UTMP +LIBCRYPTSETUP +GCRYPT +GNUTLS +ACL +XZ -LZ4 +SECCOMP +BLKID +ELFUTILS +KMOD -IDN)
[    6.271061] systemd[1]: Detected virtualization oracle.
[    6.287531] systemd[1]: Detected architecture x86.

Welcome to [1mUbuntu 16.04.5 LTS[0m!

[    6.358945] systemd[1]: Set hostname to <kouosl>.
[    6.579700] random: nonblocking pool is initialized
[    7.819132] systemd[1]: Listening on Journal Socket (/dev/log).
[[0;32m  OK  [0m] Listening on Journal Socket (/dev/log).
[    7.835387] systemd[1]: Reached target Swap.
[[0;32m  OK  [0m] Reached target Swap.
[    7.860488] systemd[1]: Listening on /dev/initctl Compatibility Named Pipe.
[[0;32m  OK  [0m] Listening on /dev/initctl Compatibility Named Pipe.
[    7.864399] systemd[1]: Listening on LVM2 metadata daemon socket.
[[0;32m  OK  [0m] Listening on LVM2 metadata daemon socket.
[    7.868063] systemd[1]: Reached target User and Group Name Lookups.
[[0;32m  OK  [0m] Reached target User and Group Name Lookups.
[    7.871959] systemd[1]: Set up automount Arbitrary Executable File Formats File System Automount Point.
[[0;32m  OK  [0m] Set up automount Arbitrary Executab...ats File System Automount Point.
[    7.876875] systemd[1]: Listening on Device-mapper event daemon FIFOs.
[[0;32m  OK  [0m] Listening on Device-mapper event daemon FIFOs.
[    7.891660] systemd[1]: Started Trigger resolvconf update for networkd DNS.
[[0;32m  OK  [0m] Started Trigger resolvconf update for networkd DNS.
[    7.895499] systemd[1]: Listening on Journal Audit Socket.
[[0;32m  OK  [0m] Listening on Journal Audit Socket.
[    7.898383] systemd[1]: Listening on udev Kernel Socket.
[[0;32m  OK  [0m] Listening on udev Kernel Socket.
[    7.901305] systemd[1]: Listening on LVM2 poll daemon socket.
[[0;32m  OK  [0m] Listening on LVM2 poll daemon socket.
[    7.904724] systemd[1]: Created slice System Slice.
[[0;32m  OK  [0m] Created slice System Slice.
[    7.907783] systemd[1]: Created slice system-serial\x2dgetty.slice.
[[0;32m  OK  [0m] Created slice system-serial\x2dgetty.slice.
[    7.910922] systemd[1]: Reached target System Time Synchronized.
[[0;32m  OK  [0m] Reached target System Time Synchronized.
[    7.913989] systemd[1]: Listening on Journal Socket.
[[0;32m  OK  [0m] Listening on Journal Socket.
[    7.939434] systemd[1]: Starting Load Kernel Modules...
         Starting Load Kernel Modules...
[    7.942661] systemd[1]: Starting Uncomplicated firewall...
         Starting Uncomplicated firewall...
[    7.947240] systemd[1]: Starting Remount Root and Kernel File Systems...
         Starting Remount Root and Kernel File Systems...
[    7.951456] systemd[1]: Starting Nameserver information manager...
         Starting Nameserver information manager...
[    7.959345] systemd[1]: Mounting POSIX Message Queue File System...
         Mounting POSIX Message Queue File System...
[    7.968559] systemd[1]: Mounting Huge Pages File System...
         Mounting Huge Pages File System...
[    7.988649] systemd[1]: Starting Set console keymap...
         Starting Set console keymap...
[    7.992953] systemd[1]: Starting Create list of required static device nodes for the current kernel...
         Starting Create list of required st... nodes for the current kernel...
[    8.007611] systemd[1]: Mounting Debug File System...
         Mounting Debug File System...
[    8.056420] systemd[1]: Created slice User and Session Slice.
[[0;32m  OK  [0m] Created slice User and Session Slice.
[    8.075158] systemd[1]: Reached target Slices.
[[0;32m  OK  [0m] Reached target Slices.
[    8.090925] systemd[1]: Listening on udev Control Socket.
[[0;32m  OK  [0m] Listening on udev Control Socket.
[    8.099257] systemd[1]: Started Forward Password Requests to Wall Directory Watch.
[[0;32m  OK  [0m] Started Forward Password Requests to Wall Directory Watch.
[    8.106646] systemd[1]: Starting Monitoring of LVM2 mirrors, snapshots etc. using dmeventd or progress polling...
         Starting Monitoring of LVM2 mirrors... dmeventd or progress polling...
[    8.112376] systemd[1]: Reached target Encrypted Volumes.
[[0;32m  OK  [0m] Reached target Encrypted Volumes.
[    8.116829] systemd[1]: Listening on Syslog Socket.
[[0;32m  OK  [0m] Listening on Syslog Socket.
[    8.135604] systemd[1]: Starting Journal Service...
         Starting Journal Service...
[    8.143951] systemd[1]: Started Uncomplicated firewall.
[[0;32m  OK  [0m] Started Uncomplicated firewall.
[    8.194926] Loading iSCSI transport class v2.0-870.
[    8.206206] systemd[1]: Started Create list of required static device nodes for the current kernel.
[[0;32m  OK  [0m] Started Create list of required sta...ce nodes for the current kernel.
[    8.253338] iscsi: registered transport (tcp)
[    8.263104] systemd[1]: Starting Create Static Device Nodes in /dev...
         Starting Create Static Device Nodes in /dev...
[    8.291372] EXT4-fs (sda1): re-mounted. Opts: (null)
[    8.294433] systemd[1]: Mounted Huge Pages File System.
[[0;32m  OK  [0m] Mounted Huge Pages File System.
[    8.307872] systemd[1]: Mounted POSIX Message Queue File System.
[[0;32m  OK  [0m] Mounted POSIX Message Queue File System.
[    8.311432] systemd[1]: Mounted Debug File System.
[[0;32m  OK  [0m] Mounted Debug File System.
[    8.315495] systemd[1]: Started Remount Root and Kernel File Systems.
[[0;32m  OK  [0m] Started Remount Root and Kernel File Systems.
[    8.386966] systemd[1]: Starting udev Coldplug all Devices...
         Starting udev Coldplug all Devices...
[    8.402362] systemd[1]: Starting Load/Save Random Seed...
         Starting Load/Save Random Seed...
[    8.488023] systemd[1]: Started Load/Save Random Seed.
[[0;32m  OK  [0m] Started Load/Save Random Seed.
[    8.572021] iscsi: registered transport (iser)
[    8.580804] systemd[1]: Started Load Kernel Modules.
[[0;32m  OK  [0m] Started Load Kernel Modules.
[    8.610651] systemd[1]: Started Nameserver information manager.
[[0;32m  OK  [0m] Started Nameserver information manager.
[    8.677522] systemd[1]: Mounting FUSE Control File System...
         Mounting FUSE Control File System...
[    8.687775] systemd[1]: Starting Apply Kernel Variables...
         Starting Apply Kernel Variables...
[    8.698788] systemd[1]: Mounted FUSE Control File System.
[[0;32m  OK  [0m] Mounted FUSE Control File System.
[    8.723954] systemd[1]: Started udev Coldplug all Devices.
[[0;32m  OK  [0m] Started udev Coldplug all Devices.
[    8.747849] systemd[1]: Started LVM2 metadata daemon.
[[0;32m  OK  [0m] Started LVM2 metadata daemon.
[    8.794814] systemd[1]: Started Journal Service.
[[0;32m  OK  [0m] Started Journal Service.
[[0;32m  OK  [0m] Started Set console keymap.
[[0;32m  OK  [0m] Started Apply Kernel Variables.
         Starting Flush Journal to Persistent Storage...
[[0;32m  OK  [0m] Started Monitoring of LVM2 mirrors,...ng dmeventd or progress polling.
[[0;32m  OK  [0m] Started Flush Journal to Persistent Storage.
[[0;32m  OK  [0m] Started Create Static Device Nodes in /dev.
         Starting udev Kernel Device Manager...
[[0;32m  OK  [0m] Reached target Local File Systems (Pre).
[[0;32m  OK  [0m] Reached target Local File Systems.
         Starting Initial cloud-init job (pre-networking)...
         Starting LSB: AppArmor initialization...
         Starting Set console font and keymap...
         Starting Create Volatile Files and Directories...
         Starting Tell Plymouth To Write Out Runtime Data...
[[0;32m  OK  [0m] Started Tell Plymouth To Write Out Runtime Data.
[[0;32m  OK  [0m] Started Create Volatile Files and Directories.
         Starting Update UTMP about System Boot/Shutdown...
[[0;32m  OK  [0m] Started Update UTMP about System Boot/Shutdown.
[[0;32m  OK  [0m] Started Set console font and keymap.
[[0;32m  OK  [0m] Created slice system-getty.slice.
[[0;32m  OK  [0m] Started udev Kernel Device Manager.
[[0;32m  OK  [0m] Started Dispatch Password Requests to Console Directory Watch.
[[0;32m  OK  [0m] Found device /dev/ttyS0.
[[0;32m  OK  [0m] Listening on Load/Save RF Kill Switch Status /dev/rfkill Watch.
[[0;32m  OK  [0m] Found device 82540EM Gigabit Ethern...r (PRO/1000 MT Desktop Adapter).
[[0;32m  OK  [0m] Found device 82540EM Gigabit Ethern...r (PRO/1000 MT Desktop Adapter).
[[0;32m  OK  [0m] Started LSB: AppArmor initialization.
[   15.425191] cloud-init[474]: Cloud-init v. 18.4-0ubuntu1~16.04.2 running 'init-local' at Thu, 03 Jan 2019 22:42:03 +0000. Up 14.50 seconds.
[[0;32m  OK  [0m] Started Initial cloud-init job (pre-networking).
[[0;32m  OK  [0m] Reached target Network (Pre).
         Starting Raise network interfaces...
[[0;32m  OK  [0m] Started ifup for enp0s8.
[[0;32m  OK  [0m] Started ifup for enp0s3.
[[0;32m  OK  [0m] Started Raise network interfaces.
[[0;32m  OK  [0m] Reached target Network.
         Starting Initial cloud-init job (metadata service crawler)...
[   17.523371] cloud-init[1078]: Cloud-init v. 18.4-0ubuntu1~16.04.2 running 'init' at Thu, 03 Jan 2019 22:42:05 +0000. Up 16.30 seconds.
[   17.530760] cloud-init[1078]: ci-info: ++++++++++++++++++++++++++++++++++++++Net device info+++++++++++++++++++++++++++++++++++++++
[   17.572416] cloud-init[1078]: ci-info: +--------+------+-----------------------------+---------------+--------+-------------------+
[[0;32m  OK  [0m] Started Initial cloud-init job (metadata service crawler).
[[0;32m  OK  [0m] Reached target Network is Online.
[   17.579031] cloud-init[1078]:          Starting iSCSI initiator daemon (iscsid)...
[[0;32m  OK  [0m] Reached target Cloud-config availability.
[[0;32m  OK  [0m] Reached target System Initialization.
ci-info: | Device |  Up  |           Address           |      Mask     | Scope  |     Hw-Address    |
[   17.620598] cloud-init[1078]: ci-info: +--------+------+-----------------------------+---------------+--------+-------------------+
[[0;32m  OK  [0m[   17.644460] cloud-init[1078]: ci-info: | enp0s3 | True |          10.0.2.15          | 255.255.255.0 | global | 02:64:11:94:8e:9f |
[   17.644539] cloud-init[1078]: ci-info: | enp0s3 | True |  fe80::64:11ff:fe94:8e9f/64 |       .       |  link  | 02:64:11:94:8e:9f |
[   17.644633] cloud-init[1078]: ci-info: | enp0s8 | True |        192.168.83.137       | 255.255.255.0 | global | 08:00:27:e6:3f:7d |
[   17.644708] cloud-init[1078]: ci-info: | enp0s8 | True | fe80::a00:27ff:fee6:3f7d/64 |       .       |  link  | 08:00:27:e6:3f:7d |
[   17.644774] cloud-init[1078]: ci-info: |   lo   | True |          127.0.0.1          |   255.0.0.0   |  host  |         .         |
[   17.644838] cloud-init[1078]: ci-info: |   lo   | True |           ::1/128           |       .       |  host  |         .         |
[   17.644902] cloud-init[1078]: ci-info: +--------+------+-----------------------------+---------------+--------+-------------------+
[   17.644964] cloud-init[1078]: ci-info: ++++++++++++++++++++++++++++Route IPv4 info++++++++++++++++++++++++++++
[   17.645029] cloud-init[1078]: ci-info: +-------+--------------+----------+---------------+-----------+-------+
[   17.645116] cloud-init[1078]: ci-info: | Route | Destination  | Gateway  |    Genmask    | Interface | Flags |
[   17.645183] cloud-init[1078]: ci-info: +-------+--------------+----------+---------------+-----------+-------+
[   17.645246] cloud-init[1078]: ci-info: |   0   |   0.0.0.0    | 10.0.2.2 |    0.0.0.0    |   enp0s3  |   UG  |
[   17.645317] cloud-init[1078]: ci-info: |   1   |   10.0.2.0   | 0.0.0.0  | 255.255.255.0 |   enp0s3  |   U   |
[   17.645381] cloud-init[1078]: ci-info: |   2   | 192.168.83.0 | 0.0.0.0  | 255.255.255.0 |   enp0s8  |   U   |
[   17.645444] cloud-init[1078]: ci-info: +-------+--------------+----------+---------------+-----------+-------+
[   17.645506] cloud-init[1078]: ci-info: +++++++++++++++++++Route IPv6 info+++++++++++++++++++
[   17.645994] cloud-init[1078]: ci-info: +-------+-------------+---------+-----------+-------+
[   17.646107] cloud-init[1078]: ci-info: | Route | Destination | Gateway | Interface | Flags |
[   17.646179] cloud-init[1078]: ci-info: +-------+-------------+---------+-----------+-------+
[   17.646242] cloud-init[1078]: ci-info: |   0   |  fe80::/64  |    ::   |   enp0s8  |   U   |
[   17.646307] cloud-init[1078]: ci-info: |   1   |  fe80::/64  |    ::   |   enp0s3  |   U   |
[   17.646376] cloud-init[1078]: ci-info: |   4   |   ff00::/8  |    ::   |   enp0s8  |   U   |
[   17.646440] cloud-init[1078]: ci-info: |   5   |   ff00::/8  |    ::   |   enp0s3  |   U   |
[   17.646503] cloud-init[1078]: ci-info: +-------+-------------+---------+-----------+-------+
] Started ACPI Events Check.
[[0;32m  OK  [0m] Reached target Paths.
[[0;32m  OK  [0m] Listening on D-Bus System Message Bus Socket.
         Starting Socket activation for snappy daemon.
[[0;32m  OK  [0m] Started Daily Cleanup of Temporary Directories.
[[0;32m  OK  [0m] Listening on UUID daemon activation socket.
         Starting LXD - unix socket.
[[0;32m  OK  [0m] Listening on ACPID Listen Socket.
[[0;32m  OK  [0m] Started Daily apt download activities.
[[0;32m  OK  [0m] Started Daily apt upgrade and clean activities.
[[0;32m  OK  [0m] Reached target Timers.
[[0;32m  OK  [0m] Listening on Socket activation for snappy daemon.
[[0;32m  OK  [0m] Listening on LXD - unix socket.
[[0;32m  OK  [0m] Reached target Sockets.
[[0;32m  OK  [0m] Reached target Basic System.
         Starting Accounts Service...
         Starting System Logging Service...
[[0;32m  OK  [0m] Started D-Bus System Message Bus.
[[0;32m  OK  [0m] Started Unattended Upgrades Shutdown.
[[0;32m  OK  [0m] Started ACPI event daemon.
         Starting LSB: MD monitoring daemon...
         Starting LXD - container startup/shutdown...
         Starting /etc/rc.local Compatibility...
[[0;32m  OK  [0m] Started Regular background program processing daemon.
         Starting OpenBSD Secure Shell server...
[[0;32m  OK  [0m] Started Deferred execution scheduler.
         Starting LSB: Record successful boot for GRUB...
[[0;32m  OK  [0m] Started FUSE filesystem for LXC.
         Starting Snappy daemon...
         Starting Virtualbox guest utils...
         Starting Login Service...
[[0;32m  OK  [0m] Started System Logging Service.
[[0;32m  OK  [0m] Started iSCSI initiator daemon (iscsid).
[[0;32m  OK  [0m] Started /etc/rc.local Compatibility.
         Starting Authenticate and Authorize Users to Run Privileged Tasks...
         Starting Login to default iSCSI targets...
[[0;32m  OK  [0m] Started Login Service.
[[0;32m  OK  [0m] Started LSB: Record successful boot for GRUB.
[[0;32m  OK  [0m] Started LSB: MD monitoring daemon.
[[0;32m  OK  [0m] Started Login to default iSCSI targets.
[[0;32m  OK  [0m] Reached target Remote File Systems (Pre).
[[0;32m  OK  [0m] Reached target Remote File Systems.
         Starting LSB: Start and stop the mysql database server daemon...
         Starting Permit User Sessions...
         Starting LSB: daemon to balance interrupts for SMP systems...
         Starting LSB: Set the CPU Frequency Scaling governor to "ondemand"...
         Starting LSB: automatic crash report generation...
         Starting LSB: Apache2 web server...
[[0;32m  OK  [0m] Started Permit User Sessions.
[[0;32m  OK  [0m] Started LSB: Set the CPU Frequency Scaling governor to "ondemand".
         Starting Hold until boot process finishes up...
         Starting Terminate Plymouth Boot Screen...
[[0;32m  OK  [0m] Started Hold until boot process finishes up.
[[0;32m  OK  [0m] Started LSB: daemon to balance interrupts for SMP systems.
[[0;32m  OK  [0m] Started Terminate Plymouth Boot Screen.
[[0;32m  OK  [0m] Started Authenticate and Authorize Users to Run Privileged Tasks.
[[0;32m  OK  [0m] Started Accounts Service.
         Starting Set console scheme...
[[0;32m  OK  [0m] Started Serial Getty on ttyS0.
[[0;32m  OK  [0m] Started Getty on tty1.
[[0;32m  OK  [0m] Reached target Login Prompts.
[[0;32m  OK  [0m] Started LSB: automatic crash report generation.
[[0;32m  OK  [0m] Started Set console scheme.
[[0;32m  OK  [0m] Started Virtualbox guest utils.
[[0;32m  OK  [0m] Started OpenBSD Secure Shell server.
[[0;32m  OK  [0m] Started LXD - container startup/shutdown.
[[0;32m  OK  [0m] Started Snappy daemon.
         Starting Wait until snapd is fully seeded...
[[0;32m  OK  [0m] Started Wait until snapd is fully seeded.
         Starting Apply the settings specified in cloud-config...
[   24.481326] cloud-init[1532]: Cloud-init v. 18.4-0ubuntu1~16.04.2 running 'modules:config' at Thu, 03 Jan 2019 22:42:13 +0000. Up 24.11 seconds.
[[0;32m  OK  [0m] Started Apply the settings specified in cloud-config.

Ubuntu 16.04.5 LTS kouosl ttyS0

kouosl login: [   31.057082] cloud-init[1694]: Cloud-init v. 18.4-0ubuntu1~16.04.2 running 'modules:final' at Thu, 03 Jan 2019 22:42:20 +0000. Up 30.81 seconds.
[   31.057829] cloud-init[1694]: Cloud-init v. 18.4-0ubuntu1~16.04.2 finished at Thu, 03 Jan 2019 22:42:20 +0000. Datasource DataSourceNoCloud [seed=/dev/sdb][dsmode=net].  Up 31.04 seconds
